<?xml version="1.0" encoding="UTF-8"?>
<testsuite xmlns:xsi="http://www.w3.org/2001/XMLSchema-instance" xsi:noNamespaceSchemaLocation="https://maven.apache.org/surefire/maven-surefire-plugin/xsd/surefire-test-report-3.0.xsd" version="3.0" name="jeena_ec_ka_naam_h.ec_ki_zindagi.EcKiZindagiApplicationTests" time="2.286" tests="1" errors="0" skipped="0" failures="0">
  <properties>
[...]
</properties>
  <testcase name="contextLoads" classname="jeena_ec_ka_naam_h.ec_ki_zindagi.EcKiZindagiApplicationTests" time="0.639">
    <system-out><![CDATA[14:45:43.471 [main] INFO org.springframework.test.context.support.AnnotationConfigContextLoaderUtils -- Could not detect default configuration classes for test class [jeena_ec_ka_naam_h.ec_ki_zindagi.EcKiZindagiApplicationTests]: EcKiZindagiApplicationTests does not declare any static, non-private, non-final, nested classes annotated with @Configuration.
14:45:43.546 [main] INFO org.springframework.boot.test.context.SpringBootTestContextBootstrapper -- Found @SpringBootConfiguration jeena_ec_ka_naam_h.ec_ki_zindagi.EcKiZindagiApplication for test class jeena_ec_ka_naam_h.ec_ki_zindagi.EcKiZindagiApplicationTests
14:45:43.670 [main] INFO org.springframework.boot.devtools.restart.RestartApplicationListener -- Restart disabled due to context in which it is running

  .   ____          _            __ _ _
 /\\ / ___'_ __ _ _(_)_ __  __ _ \ \ \ \
( ( )\___ | '_ | '_| | '_ \/ _` | \ \ \ \
 \\/  ___)| |_)| | | | | || (_| |  ) ) ) )
  '  |____| .__|_| |_|_| |_\__, | / / / /
 =========|_|==============|___/=/_/_/_/
 :: Spring Boot ::                (v3.1.5)

2023-10-22T14:45:43.941+05:30  INFO 358907 --- [           main] j.e.EcKiZindagiApplicationTests          : Starting EcKiZindagiApplicationTests using Java 21.0.1 with PID 358907 (started by ankitesh in /home/ankitesh/Projects/JavaProjects/ec_ki_zindagi_v0.0.1)
2023-10-22T14:45:43.943+05:30  INFO 358907 --- [           main] j.e.EcKiZindagiApplicationTests          : No active profile set, falling back to 1 default profile: "default"
In Auth Service
2023-10-22T14:45:44.946+05:30  INFO 358907 --- [           main] j.e.EcKiZindagiApplicationTests          : Started EcKiZindagiApplicationTests in 1.287 seconds (process running for 2.053)
]]></system-out>
    <system-err><![CDATA[WARNING: A Java agent has been loaded dynamically (/home/ankitesh/.m2/repository/net/bytebuddy/byte-buddy-agent/1.14.9/byte-buddy-agent-1.14.9.jar)
WARNING: If a serviceability tool is in use, please run with -XX:+EnableDynamicAgentLoading to hide this warning
WARNING: If a serviceability tool is not in use, please run with -Djdk.instrument.traceUsage for more information
WARNING: Dynamic loading of agents will be disallowed by default in a future release
]]></system-err>
  </testcase>
</testsuite>